<?xml version="1.0" encoding="UTF-8"?>
<!-- Generated by org.testng.reporters.JUnitReportReporter -->
<testsuite hostname="DESKTOP-B6390US" failures="0" tests="1" name="com.inetbanking.testCases.TC_LoginTest_001" time="2.899" errors="0" timestamp="12 Sep 2022 19:07:11 GMT" skipped="0">
  <testcase classname="com.inetbanking.testCases.TC_LoginTest_001" name="loginTest" time="2.899"/>
</testsuite> <!-- com.inetbanking.testCases.TC_LoginTest_001 -->
