<?xml version="1.0" encoding="UTF-8"?>
<!-- Generated by org.testng.reporters.JUnitReportReporter -->
<testsuite hostname="DESKTOP-B6390US" failures="0" tests="1" name="com.inetbanking.testCases.TC_AddCustomerTest_003" time="47.948" errors="0" timestamp="12 Sep 2022 17:42:31 GMT" skipped="0">
  <testcase classname="com.inetbanking.testCases.TC_AddCustomerTest_003" name="addNewCustomer" time="47.948"/>
</testsuite> <!-- com.inetbanking.testCases.TC_AddCustomerTest_003 -->
